[2018-03-28 16:58:37] Fehlertext:  Connected to db is failed | File: C:\xampp\htdocs\CoffeeShop\vendor\coffeeshop\core\Db.php | Line: 27 
===================
[2018-03-28 17:59:43] Fehlertext:  cofffee was not found | File: C:\xampp\htdocs\CoffeeShop\vendor\coffeeshop\core\base\View.php | Line: 54 
===================
[2018-03-28 18:00:01] Fehlertext:  Page not found | File: C:\xampp\htdocs\CoffeeShop\vendor\coffeeshop\core\Router.php | Line: 60 
===================
[2018-03-28 18:00:01] Fehlertext:  Page not found | File: C:\xampp\htdocs\CoffeeShop\vendor\coffeeshop\core\Router.php | Line: 60 
===================
[2018-03-28 18:00:01] Fehlertext:  Page not found | File: C:\xampp\htdocs\CoffeeShop\vendor\coffeeshop\core\Router.php | Line: 60 
===================
[2018-03-28 18:00:01] Fehlertext:  Page not found | File: C:\xampp\htdocs\CoffeeShop\vendor\coffeeshop\core\Router.php | Line: 60 
===================
[2018-03-28 18:00:02] Fehlertext:  Page not found | File: C:\xampp\htdocs\CoffeeShop\vendor\coffeeshop\core\Router.php | Line: 60 
===================
[2018-03-28 18:00:02] Fehlertext:  Page not found | File: C:\xampp\htdocs\CoffeeShop\vendor\coffeeshop\core\Router.php | Line: 60 
===================
[2018-03-28 18:00:02] Fehlertext:  Page not found | File: C:\xampp\htdocs\CoffeeShop\vendor\coffeeshop\core\Router.php | Line: 60 
===================
[2018-03-28 18:00:02] Fehlertext:  Page not found | File: C:\xampp\htdocs\CoffeeShop\vendor\coffeeshop\core\Router.php | Line: 60 
===================
[2018-03-28 18:00:02] Fehlertext:  Page not found | File: C:\xampp\htdocs\CoffeeShop\vendor\coffeeshop\core\Router.php | Line: 60 
===================
[2018-03-28 18:00:22] Fehlertext:  Page not found | File: C:\xampp\htdocs\CoffeeShop\vendor\coffeeshop\core\Router.php | Line: 60 
===================
[2018-03-28 18:00:22] Fehlertext:  Page not found | File: C:\xampp\htdocs\CoffeeShop\vendor\coffeeshop\core\Router.php | Line: 60 
===================
[2018-03-28 18:00:22] Fehlertext:  Page not found | File: C:\xampp\htdocs\CoffeeShop\vendor\coffeeshop\core\Router.php | Line: 60 
===================
[2018-03-28 18:00:22] Fehlertext:  Page not found | File: C:\xampp\htdocs\CoffeeShop\vendor\coffeeshop\core\Router.php | Line: 60 
===================
[2018-03-28 18:00:22] Fehlertext:  Page not found | File: C:\xampp\htdocs\CoffeeShop\vendor\coffeeshop\core\Router.php | Line: 60 
===================
[2018-03-28 18:00:22] Fehlertext:  Page not found | File: C:\xampp\htdocs\CoffeeShop\vendor\coffeeshop\core\Router.php | Line: 60 
===================
[2018-03-28 18:00:22] Fehlertext:  Page not found | File: C:\xampp\htdocs\CoffeeShop\vendor\coffeeshop\core\Router.php | Line: 60 
===================
[2018-03-28 18:00:23] Fehlertext:  Page not found | File: C:\xampp\htdocs\CoffeeShop\vendor\coffeeshop\core\Router.php | Line: 60 
===================
[2018-03-28 18:00:23] Fehlertext:  Page not found | File: C:\xampp\htdocs\CoffeeShop\vendor\coffeeshop\core\Router.php | Line: 60 
===================
[2018-03-28 18:00:54] Fehlertext:  Page not found | File: C:\xampp\htdocs\CoffeeShop\vendor\coffeeshop\core\Router.php | Line: 60 
===================
[2018-03-28 18:00:54] Fehlertext:  Page not found | File: C:\xampp\htdocs\CoffeeShop\vendor\coffeeshop\core\Router.php | Line: 60 
===================
[2018-03-28 18:00:54] Fehlertext:  Page not found | File: C:\xampp\htdocs\CoffeeShop\vendor\coffeeshop\core\Router.php | Line: 60 
===================
[2018-03-28 18:00:54] Fehlertext:  Page not found | File: C:\xampp\htdocs\CoffeeShop\vendor\coffeeshop\core\Router.php | Line: 60 
===================
[2018-03-28 18:00:54] Fehlertext:  Page not found | File: C:\xampp\htdocs\CoffeeShop\vendor\coffeeshop\core\Router.php | Line: 60 
===================
[2018-03-28 18:00:54] Fehlertext:  Page not found | File: C:\xampp\htdocs\CoffeeShop\vendor\coffeeshop\core\Router.php | Line: 60 
===================
[2018-03-28 18:00:54] Fehlertext:  Page not found | File: C:\xampp\htdocs\CoffeeShop\vendor\coffeeshop\core\Router.php | Line: 60 
===================
[2018-03-28 18:00:54] Fehlertext:  Page not found | File: C:\xampp\htdocs\CoffeeShop\vendor\coffeeshop\core\Router.php | Line: 60 
===================
[2018-03-28 18:00:55] Fehlertext:  Page not found | File: C:\xampp\htdocs\CoffeeShop\vendor\coffeeshop\core\Router.php | Line: 60 
===================
[2018-03-28 18:01:44] Fehlertext:  Page not found | File: C:\xampp\htdocs\CoffeeShop\vendor\coffeeshop\core\Router.php | Line: 60 
===================
[2018-03-28 18:01:44] Fehlertext:  Page not found | File: C:\xampp\htdocs\CoffeeShop\vendor\coffeeshop\core\Router.php | Line: 60 
===================
[2018-03-28 18:01:44] Fehlertext:  Page not found | File: C:\xampp\htdocs\CoffeeShop\vendor\coffeeshop\core\Router.php | Line: 60 
===================
[2018-03-28 18:01:44] Fehlertext:  Page not found | File: C:\xampp\htdocs\CoffeeShop\vendor\coffeeshop\core\Router.php | Line: 60 
===================
[2018-03-28 18:01:45] Fehlertext:  Page not found | File: C:\xampp\htdocs\CoffeeShop\vendor\coffeeshop\core\Router.php | Line: 60 
===================
[2018-03-28 18:01:45] Fehlertext:  Page not found | File: C:\xampp\htdocs\CoffeeShop\vendor\coffeeshop\core\Router.php | Line: 60 
===================
[2018-03-28 18:01:45] Fehlertext:  Page not found | File: C:\xampp\htdocs\CoffeeShop\vendor\coffeeshop\core\Router.php | Line: 60 
===================
[2018-03-28 18:01:45] Fehlertext:  Page not found | File: C:\xampp\htdocs\CoffeeShop\vendor\coffeeshop\core\Router.php | Line: 60 
===================
[2018-03-28 18:01:45] Fehlertext:  Page not found | File: C:\xampp\htdocs\CoffeeShop\vendor\coffeeshop\core\Router.php | Line: 60 
===================
[2018-03-28 22:25:11] Fehlertext:  syntax error, unexpected 'else' (T_ELSE), expecting end of file | File: C:\xampp\htdocs\CoffeeShop\app\views\layouts\coffee.php | Line: 46 
===================
[2018-03-28 22:25:45] Fehlertext:  Conntroller app\controllers\UserController is not found | File: C:\xampp\htdocs\CoffeeShop\vendor\coffeeshop\core\Router.php | Line: 56 
===================
[2018-03-28 22:26:51] Fehlertext:  Conntroller app\controllers\UserController is not found | File: C:\xampp\htdocs\CoffeeShop\vendor\coffeeshop\core\Router.php | Line: 56 
===================
[2018-03-28 22:45:27] Fehlertext:  Conntroller app\controllers\UserController is not found | File: C:\xampp\htdocs\CoffeeShop\vendor\coffeeshop\core\Router.php | Line: 56 
===================
[2018-03-28 22:46:06] Fehlertext:  Conntroller app\controllers\UserController is not found | File: C:\xampp\htdocs\CoffeeShop\vendor\coffeeshop\core\Router.php | Line: 56 
===================
[2018-03-29 00:05:01] Fehlertext:  Conntroller app\controllers\SignupController is not found | File: C:\xampp\htdocs\CoffeeShop\vendor\coffeeshop\core\Router.php | Line: 56 
===================
[2018-03-29 00:05:14] Fehlertext:  Page not found | File: C:\xampp\htdocs\CoffeeShop\vendor\coffeeshop\core\Router.php | Line: 60 
===================
[2018-03-29 00:05:14] Fehlertext:  Page not found | File: C:\xampp\htdocs\CoffeeShop\vendor\coffeeshop\core\Router.php | Line: 60 
===================
[2018-03-29 00:05:14] Fehlertext:  Page not found | File: C:\xampp\htdocs\CoffeeShop\vendor\coffeeshop\core\Router.php | Line: 60 
===================
[2018-03-29 00:05:14] Fehlertext:  Page not found | File: C:\xampp\htdocs\CoffeeShop\vendor\coffeeshop\core\Router.php | Line: 60 
===================
[2018-03-29 00:05:14] Fehlertext:  Page not found | File: C:\xampp\htdocs\CoffeeShop\vendor\coffeeshop\core\Router.php | Line: 60 
===================
[2018-03-29 00:05:15] Fehlertext:  Page not found | File: C:\xampp\htdocs\CoffeeShop\vendor\coffeeshop\core\Router.php | Line: 60 
===================
[2018-03-29 00:05:15] Fehlertext:  Page not found | File: C:\xampp\htdocs\CoffeeShop\vendor\coffeeshop\core\Router.php | Line: 60 
===================
[2018-03-29 00:05:15] Fehlertext:  Page not found | File: C:\xampp\htdocs\CoffeeShop\vendor\coffeeshop\core\Router.php | Line: 60 
===================
[2018-03-29 00:05:15] Fehlertext:  Page not found | File: C:\xampp\htdocs\CoffeeShop\vendor\coffeeshop\core\Router.php | Line: 60 
===================
[2018-03-29 00:05:15] Fehlertext:  Page not found | File: C:\xampp\htdocs\CoffeeShop\vendor\coffeeshop\core\Router.php | Line: 60 
===================
[2018-03-29 00:05:15] Fehlertext:  Page not found | File: C:\xampp\htdocs\CoffeeShop\vendor\coffeeshop\core\Router.php | Line: 60 
===================
[2018-03-29 00:05:44] Fehlertext:  Page not found | File: C:\xampp\htdocs\CoffeeShop\vendor\coffeeshop\core\Router.php | Line: 60 
===================
[2018-03-29 00:05:44] Fehlertext:  Page not found | File: C:\xampp\htdocs\CoffeeShop\vendor\coffeeshop\core\Router.php | Line: 60 
===================
[2018-03-29 00:05:44] Fehlertext:  Page not found | File: C:\xampp\htdocs\CoffeeShop\vendor\coffeeshop\core\Router.php | Line: 60 
===================
[2018-03-29 00:05:44] Fehlertext:  Page not found | File: C:\xampp\htdocs\CoffeeShop\vendor\coffeeshop\core\Router.php | Line: 60 
===================
[2018-03-29 00:05:44] Fehlertext:  Page not found | File: C:\xampp\htdocs\CoffeeShop\vendor\coffeeshop\core\Router.php | Line: 60 
===================
[2018-03-29 00:05:44] Fehlertext:  Page not found | File: C:\xampp\htdocs\CoffeeShop\vendor\coffeeshop\core\Router.php | Line: 60 
===================
[2018-03-29 00:05:44] Fehlertext:  Page not found | File: C:\xampp\htdocs\CoffeeShop\vendor\coffeeshop\core\Router.php | Line: 60 
===================
[2018-03-29 00:05:44] Fehlertext:  Page not found | File: C:\xampp\htdocs\CoffeeShop\vendor\coffeeshop\core\Router.php | Line: 60 
===================
[2018-03-29 00:05:44] Fehlertext:  Page not found | File: C:\xampp\htdocs\CoffeeShop\vendor\coffeeshop\core\Router.php | Line: 60 
===================
[2018-03-29 00:05:44] Fehlertext:  Page not found | File: C:\xampp\htdocs\CoffeeShop\vendor\coffeeshop\core\Router.php | Line: 60 
===================
[2018-03-29 00:05:45] Fehlertext:  Page not found | File: C:\xampp\htdocs\CoffeeShop\vendor\coffeeshop\core\Router.php | Line: 60 
===================
[2018-03-29 00:07:19] Fehlertext:  Page not found | File: C:\xampp\htdocs\CoffeeShop\vendor\coffeeshop\core\Router.php | Line: 60 
===================
[2018-03-29 00:07:19] Fehlertext:  Page not found | File: C:\xampp\htdocs\CoffeeShop\vendor\coffeeshop\core\Router.php | Line: 60 
===================
[2018-03-29 00:07:19] Fehlertext:  Page not found | File: C:\xampp\htdocs\CoffeeShop\vendor\coffeeshop\core\Router.php | Line: 60 
===================
[2018-03-29 00:07:19] Fehlertext:  Page not found | File: C:\xampp\htdocs\CoffeeShop\vendor\coffeeshop\core\Router.php | Line: 60 
===================
[2018-03-29 00:07:19] Fehlertext:  Page not found | File: C:\xampp\htdocs\CoffeeShop\vendor\coffeeshop\core\Router.php | Line: 60 
===================
[2018-03-29 00:07:19] Fehlertext:  Page not found | File: C:\xampp\htdocs\CoffeeShop\vendor\coffeeshop\core\Router.php | Line: 60 
===================
[2018-03-29 00:07:19] Fehlertext:  Page not found | File: C:\xampp\htdocs\CoffeeShop\vendor\coffeeshop\core\Router.php | Line: 60 
===================
[2018-03-29 00:07:19] Fehlertext:  Page not found | File: C:\xampp\htdocs\CoffeeShop\vendor\coffeeshop\core\Router.php | Line: 60 
===================
[2018-03-29 00:07:19] Fehlertext:  Page not found | File: C:\xampp\htdocs\CoffeeShop\vendor\coffeeshop\core\Router.php | Line: 60 
===================
[2018-03-29 00:07:19] Fehlertext:  Page not found | File: C:\xampp\htdocs\CoffeeShop\vendor\coffeeshop\core\Router.php | Line: 60 
===================
[2018-03-29 00:07:19] Fehlertext:  Page not found | File: C:\xampp\htdocs\CoffeeShop\vendor\coffeeshop\core\Router.php | Line: 60 
===================
[2018-03-29 00:07:27] Fehlertext:  Page not found | File: C:\xampp\htdocs\CoffeeShop\vendor\coffeeshop\core\Router.php | Line: 60 
===================
[2018-03-29 00:07:27] Fehlertext:  Page not found | File: C:\xampp\htdocs\CoffeeShop\vendor\coffeeshop\core\Router.php | Line: 60 
===================
[2018-03-29 00:07:27] Fehlertext:  Page not found | File: C:\xampp\htdocs\CoffeeShop\vendor\coffeeshop\core\Router.php | Line: 60 
===================
[2018-03-29 00:07:27] Fehlertext:  Page not found | File: C:\xampp\htdocs\CoffeeShop\vendor\coffeeshop\core\Router.php | Line: 60 
===================
[2018-03-29 00:07:27] Fehlertext:  Page not found | File: C:\xampp\htdocs\CoffeeShop\vendor\coffeeshop\core\Router.php | Line: 60 
===================
[2018-03-29 00:07:27] Fehlertext:  Page not found | File: C:\xampp\htdocs\CoffeeShop\vendor\coffeeshop\core\Router.php | Line: 60 
===================
[2018-03-29 00:07:27] Fehlertext:  Page not found | File: C:\xampp\htdocs\CoffeeShop\vendor\coffeeshop\core\Router.php | Line: 60 
===================
[2018-03-29 00:07:27] Fehlertext:  Page not found | File: C:\xampp\htdocs\CoffeeShop\vendor\coffeeshop\core\Router.php | Line: 60 
===================
[2018-03-29 00:07:27] Fehlertext:  Page not found | File: C:\xampp\htdocs\CoffeeShop\vendor\coffeeshop\core\Router.php | Line: 60 
===================
[2018-03-29 00:07:27] Fehlertext:  Page not found | File: C:\xampp\htdocs\CoffeeShop\vendor\coffeeshop\core\Router.php | Line: 60 
===================
[2018-03-29 00:07:28] Fehlertext:  Page not found | File: C:\xampp\htdocs\CoffeeShop\vendor\coffeeshop\core\Router.php | Line: 60 
===================
[2018-03-29 00:07:50] Fehlertext:  Page not found | File: C:\xampp\htdocs\CoffeeShop\vendor\coffeeshop\core\Router.php | Line: 60 
===================
[2018-03-29 00:07:50] Fehlertext:  Page not found | File: C:\xampp\htdocs\CoffeeShop\vendor\coffeeshop\core\Router.php | Line: 60 
===================
[2018-03-29 00:07:50] Fehlertext:  Page not found | File: C:\xampp\htdocs\CoffeeShop\vendor\coffeeshop\core\Router.php | Line: 60 
===================
[2018-03-29 00:07:51] Fehlertext:  Page not found | File: C:\xampp\htdocs\CoffeeShop\vendor\coffeeshop\core\Router.php | Line: 60 
===================
[2018-03-29 00:07:51] Fehlertext:  Page not found | File: C:\xampp\htdocs\CoffeeShop\vendor\coffeeshop\core\Router.php | Line: 60 
===================
[2018-03-29 00:07:51] Fehlertext:  Page not found | File: C:\xampp\htdocs\CoffeeShop\vendor\coffeeshop\core\Router.php | Line: 60 
===================
[2018-03-29 00:07:51] Fehlertext:  Page not found | File: C:\xampp\htdocs\CoffeeShop\vendor\coffeeshop\core\Router.php | Line: 60 
===================
[2018-03-29 00:07:51] Fehlertext:  Page not found | File: C:\xampp\htdocs\CoffeeShop\vendor\coffeeshop\core\Router.php | Line: 60 
===================
[2018-03-29 00:07:51] Fehlertext:  Page not found | File: C:\xampp\htdocs\CoffeeShop\vendor\coffeeshop\core\Router.php | Line: 60 
===================
[2018-03-29 00:07:51] Fehlertext:  Page not found | File: C:\xampp\htdocs\CoffeeShop\vendor\coffeeshop\core\Router.php | Line: 60 
===================
[2018-03-29 00:07:51] Fehlertext:  Page not found | File: C:\xampp\htdocs\CoffeeShop\vendor\coffeeshop\core\Router.php | Line: 60 
===================
[2018-03-29 00:07:56] Fehlertext:  Page not found | File: C:\xampp\htdocs\CoffeeShop\vendor\coffeeshop\core\Router.php | Line: 60 
===================
[2018-03-29 00:07:56] Fehlertext:  Page not found | File: C:\xampp\htdocs\CoffeeShop\vendor\coffeeshop\core\Router.php | Line: 60 
===================
[2018-03-29 00:07:56] Fehlertext:  Page not found | File: C:\xampp\htdocs\CoffeeShop\vendor\coffeeshop\core\Router.php | Line: 60 
===================
[2018-03-29 00:07:56] Fehlertext:  Page not found | File: C:\xampp\htdocs\CoffeeShop\vendor\coffeeshop\core\Router.php | Line: 60 
===================
[2018-03-29 00:07:57] Fehlertext:  Page not found | File: C:\xampp\htdocs\CoffeeShop\vendor\coffeeshop\core\Router.php | Line: 60 
===================
[2018-03-29 00:07:57] Fehlertext:  Page not found | File: C:\xampp\htdocs\CoffeeShop\vendor\coffeeshop\core\Router.php | Line: 60 
===================
[2018-03-29 00:07:57] Fehlertext:  Page not found | File: C:\xampp\htdocs\CoffeeShop\vendor\coffeeshop\core\Router.php | Line: 60 
===================
[2018-03-29 00:07:57] Fehlertext:  Page not found | File: C:\xampp\htdocs\CoffeeShop\vendor\coffeeshop\core\Router.php | Line: 60 
===================
[2018-03-29 00:07:57] Fehlertext:  Page not found | File: C:\xampp\htdocs\CoffeeShop\vendor\coffeeshop\core\Router.php | Line: 60 
===================
[2018-03-29 00:07:57] Fehlertext:  Page not found | File: C:\xampp\htdocs\CoffeeShop\vendor\coffeeshop\core\Router.php | Line: 60 
===================
[2018-03-29 00:07:57] Fehlertext:  Page not found | File: C:\xampp\htdocs\CoffeeShop\vendor\coffeeshop\core\Router.php | Line: 60 
===================
[2018-03-29 00:07:59] Fehlertext:  Method app\controllers\UserController::indexAction is not found | File: C:\xampp\htdocs\CoffeeShop\vendor\coffeeshop\core\Router.php | Line: 52 
===================
[2018-03-29 00:08:01] Fehlertext:  Method app\controllers\UserController::indexAction is not found | File: C:\xampp\htdocs\CoffeeShop\vendor\coffeeshop\core\Router.php | Line: 52 
===================
[2018-03-29 00:08:07] Fehlertext:  Page not found | File: C:\xampp\htdocs\CoffeeShop\vendor\coffeeshop\core\Router.php | Line: 60 
===================
[2018-03-29 00:08:07] Fehlertext:  Page not found | File: C:\xampp\htdocs\CoffeeShop\vendor\coffeeshop\core\Router.php | Line: 60 
===================
[2018-03-29 00:08:07] Fehlertext:  Page not found | File: C:\xampp\htdocs\CoffeeShop\vendor\coffeeshop\core\Router.php | Line: 60 
===================
[2018-03-29 00:08:07] Fehlertext:  Page not found | File: C:\xampp\htdocs\CoffeeShop\vendor\coffeeshop\core\Router.php | Line: 60 
===================
[2018-03-29 00:08:07] Fehlertext:  Page not found | File: C:\xampp\htdocs\CoffeeShop\vendor\coffeeshop\core\Router.php | Line: 60 
===================
[2018-03-29 00:08:07] Fehlertext:  Page not found | File: C:\xampp\htdocs\CoffeeShop\vendor\coffeeshop\core\Router.php | Line: 60 
===================
[2018-03-29 00:08:07] Fehlertext:  Page not found | File: C:\xampp\htdocs\CoffeeShop\vendor\coffeeshop\core\Router.php | Line: 60 
===================
[2018-03-29 00:08:07] Fehlertext:  Page not found | File: C:\xampp\htdocs\CoffeeShop\vendor\coffeeshop\core\Router.php | Line: 60 
===================
[2018-03-29 00:08:07] Fehlertext:  Page not found | File: C:\xampp\htdocs\CoffeeShop\vendor\coffeeshop\core\Router.php | Line: 60 
===================
[2018-03-29 00:08:07] Fehlertext:  Page not found | File: C:\xampp\htdocs\CoffeeShop\vendor\coffeeshop\core\Router.php | Line: 60 
===================
[2018-03-29 00:08:07] Fehlertext:  Page not found | File: C:\xampp\htdocs\CoffeeShop\vendor\coffeeshop\core\Router.php | Line: 60 
===================
[2018-03-29 00:08:41] Fehlertext:  Page not found | File: C:\xampp\htdocs\CoffeeShop\vendor\coffeeshop\core\Router.php | Line: 60 
===================
[2018-03-29 00:08:41] Fehlertext:  Page not found | File: C:\xampp\htdocs\CoffeeShop\vendor\coffeeshop\core\Router.php | Line: 60 
===================
[2018-03-29 00:08:41] Fehlertext:  Page not found | File: C:\xampp\htdocs\CoffeeShop\vendor\coffeeshop\core\Router.php | Line: 60 
===================
[2018-03-29 00:08:41] Fehlertext:  Page not found | File: C:\xampp\htdocs\CoffeeShop\vendor\coffeeshop\core\Router.php | Line: 60 
===================
[2018-03-29 00:08:41] Fehlertext:  Page not found | File: C:\xampp\htdocs\CoffeeShop\vendor\coffeeshop\core\Router.php | Line: 60 
===================
[2018-03-29 00:08:41] Fehlertext:  Page not found | File: C:\xampp\htdocs\CoffeeShop\vendor\coffeeshop\core\Router.php | Line: 60 
===================
[2018-03-29 00:08:41] Fehlertext:  Page not found | File: C:\xampp\htdocs\CoffeeShop\vendor\coffeeshop\core\Router.php | Line: 60 
===================
[2018-03-29 00:08:58] Fehlertext:  Page not found | File: C:\xampp\htdocs\CoffeeShop\vendor\coffeeshop\core\Router.php | Line: 60 
===================
[2018-03-29 00:09:00] Fehlertext:  Page not found | File: C:\xampp\htdocs\CoffeeShop\vendor\coffeeshop\core\Router.php | Line: 60 
===================
[2018-03-29 00:21:25] Fehlertext:  Page not found | File: C:\xampp\htdocs\CoffeeShop\vendor\coffeeshop\core\Router.php | Line: 60 
===================
[2018-03-29 00:21:25] Fehlertext:  Page not found | File: C:\xampp\htdocs\CoffeeShop\vendor\coffeeshop\core\Router.php | Line: 60 
===================
[2018-03-29 00:21:25] Fehlertext:  Page not found | File: C:\xampp\htdocs\CoffeeShop\vendor\coffeeshop\core\Router.php | Line: 60 
===================
[2018-03-29 00:21:25] Fehlertext:  Page not found | File: C:\xampp\htdocs\CoffeeShop\vendor\coffeeshop\core\Router.php | Line: 60 
===================
[2018-03-29 00:21:25] Fehlertext:  Page not found | File: C:\xampp\htdocs\CoffeeShop\vendor\coffeeshop\core\Router.php | Line: 60 
===================
[2018-03-29 00:21:25] Fehlertext:  Page not found | File: C:\xampp\htdocs\CoffeeShop\vendor\coffeeshop\core\Router.php | Line: 60 
===================
[2018-03-29 00:21:25] Fehlertext:  Page not found | File: C:\xampp\htdocs\CoffeeShop\vendor\coffeeshop\core\Router.php | Line: 60 
===================
[2018-03-29 00:21:25] Fehlertext:  Page not found | File: C:\xampp\htdocs\CoffeeShop\vendor\coffeeshop\core\Router.php | Line: 60 
===================
[2018-03-29 00:21:25] Fehlertext:  Page not found | File: C:\xampp\htdocs\CoffeeShop\vendor\coffeeshop\core\Router.php | Line: 60 
===================
[2018-03-29 00:21:30] Fehlertext:  Page not found | File: C:\xampp\htdocs\CoffeeShop\vendor\coffeeshop\core\Router.php | Line: 60 
===================
[2018-03-29 00:21:30] Fehlertext:  Page not found | File: C:\xampp\htdocs\CoffeeShop\vendor\coffeeshop\core\Router.php | Line: 60 
===================
[2018-03-29 00:21:30] Fehlertext:  Page not found | File: C:\xampp\htdocs\CoffeeShop\vendor\coffeeshop\core\Router.php | Line: 60 
===================
[2018-03-29 00:21:30] Fehlertext:  Page not found | File: C:\xampp\htdocs\CoffeeShop\vendor\coffeeshop\core\Router.php | Line: 60 
===================
[2018-03-29 00:24:27] Fehlertext:  Method app\controllers\UserController::indexAction is not found | File: C:\xampp\htdocs\CoffeeShop\vendor\coffeeshop\core\Router.php | Line: 52 
===================
[2018-03-29 00:24:30] Fehlertext:  Method app\controllers\UserController::indexAction is not found | File: C:\xampp\htdocs\CoffeeShop\vendor\coffeeshop\core\Router.php | Line: 52 
===================
[2018-03-29 00:24:30] Fehlertext:  Method app\controllers\UserController::indexAction is not found | File: C:\xampp\htdocs\CoffeeShop\vendor\coffeeshop\core\Router.php | Line: 52 
===================
[2018-03-29 00:26:16] Fehlertext:  Page not found | File: C:\xampp\htdocs\CoffeeShop\vendor\coffeeshop\core\Router.php | Line: 60 
===================
[2018-03-29 00:26:16] Fehlertext:  Page not found | File: C:\xampp\htdocs\CoffeeShop\vendor\coffeeshop\core\Router.php | Line: 60 
===================
[2018-03-29 00:26:16] Fehlertext:  Page not found | File: C:\xampp\htdocs\CoffeeShop\vendor\coffeeshop\core\Router.php | Line: 60 
===================
[2018-03-29 00:26:16] Fehlertext:  Page not found | File: C:\xampp\htdocs\CoffeeShop\vendor\coffeeshop\core\Router.php | Line: 60 
===================
[2018-03-29 00:26:16] Fehlertext:  Page not found | File: C:\xampp\htdocs\CoffeeShop\vendor\coffeeshop\core\Router.php | Line: 60 
===================
[2018-03-29 00:26:16] Fehlertext:  Page not found | File: C:\xampp\htdocs\CoffeeShop\vendor\coffeeshop\core\Router.php | Line: 60 
===================
[2018-03-29 00:26:16] Fehlertext:  Page not found | File: C:\xampp\htdocs\CoffeeShop\vendor\coffeeshop\core\Router.php | Line: 60 
===================
[2018-03-29 00:26:16] Fehlertext:  Page not found | File: C:\xampp\htdocs\CoffeeShop\vendor\coffeeshop\core\Router.php | Line: 60 
===================
[2018-03-29 00:26:16] Fehlertext:  Page not found | File: C:\xampp\htdocs\CoffeeShop\vendor\coffeeshop\core\Router.php | Line: 60 
===================
[2018-03-29 00:26:16] Fehlertext:  Page not found | File: C:\xampp\htdocs\CoffeeShop\vendor\coffeeshop\core\Router.php | Line: 60 
===================
[2018-03-29 00:26:16] Fehlertext:  Page not found | File: C:\xampp\htdocs\CoffeeShop\vendor\coffeeshop\core\Router.php | Line: 60 
===================
[2018-03-29 00:28:36] Fehlertext:  Page not found | File: C:\xampp\htdocs\CoffeeShop\vendor\coffeeshop\core\Router.php | Line: 60 
===================
[2018-03-29 00:28:36] Fehlertext:  Page not found | File: C:\xampp\htdocs\CoffeeShop\vendor\coffeeshop\core\Router.php | Line: 60 
===================
[2018-03-29 00:28:36] Fehlertext:  Page not found | File: C:\xampp\htdocs\CoffeeShop\vendor\coffeeshop\core\Router.php | Line: 60 
===================
[2018-03-29 00:28:36] Fehlertext:  Page not found | File: C:\xampp\htdocs\CoffeeShop\vendor\coffeeshop\core\Router.php | Line: 60 
===================
[2018-03-29 00:28:37] Fehlertext:  Page not found | File: C:\xampp\htdocs\CoffeeShop\vendor\coffeeshop\core\Router.php | Line: 60 
===================
[2018-03-29 00:28:37] Fehlertext:  Page not found | File: C:\xampp\htdocs\CoffeeShop\vendor\coffeeshop\core\Router.php | Line: 60 
===================
[2018-03-29 00:28:37] Fehlertext:  Page not found | File: C:\xampp\htdocs\CoffeeShop\vendor\coffeeshop\core\Router.php | Line: 60 
===================
[2018-03-29 00:28:37] Fehlertext:  Page not found | File: C:\xampp\htdocs\CoffeeShop\vendor\coffeeshop\core\Router.php | Line: 60 
===================
[2018-03-29 00:28:38] Fehlertext:  Page not found | File: C:\xampp\htdocs\CoffeeShop\vendor\coffeeshop\core\Router.php | Line: 60 
===================
[2018-03-29 00:28:38] Fehlertext:  Page not found | File: C:\xampp\htdocs\CoffeeShop\vendor\coffeeshop\core\Router.php | Line: 60 
===================
[2018-03-29 00:28:38] Fehlertext:  Page not found | File: C:\xampp\htdocs\CoffeeShop\vendor\coffeeshop\core\Router.php | Line: 60 
===================
[2018-03-29 00:28:51] Fehlertext:  Page not found | File: C:\xampp\htdocs\CoffeeShop\vendor\coffeeshop\core\Router.php | Line: 60 
===================
[2018-03-29 00:28:51] Fehlertext:  Page not found | File: C:\xampp\htdocs\CoffeeShop\vendor\coffeeshop\core\Router.php | Line: 60 
===================
[2018-03-29 00:28:51] Fehlertext:  Page not found | File: C:\xampp\htdocs\CoffeeShop\vendor\coffeeshop\core\Router.php | Line: 60 
===================
[2018-03-29 00:28:51] Fehlertext:  Page not found | File: C:\xampp\htdocs\CoffeeShop\vendor\coffeeshop\core\Router.php | Line: 60 
===================
[2018-03-29 00:28:51] Fehlertext:  Page not found | File: C:\xampp\htdocs\CoffeeShop\vendor\coffeeshop\core\Router.php | Line: 60 
===================
[2018-03-29 00:28:51] Fehlertext:  Page not found | File: C:\xampp\htdocs\CoffeeShop\vendor\coffeeshop\core\Router.php | Line: 60 
===================
[2018-03-29 00:28:51] Fehlertext:  Page not found | File: C:\xampp\htdocs\CoffeeShop\vendor\coffeeshop\core\Router.php | Line: 60 
===================
[2018-03-29 00:28:51] Fehlertext:  Page not found | File: C:\xampp\htdocs\CoffeeShop\vendor\coffeeshop\core\Router.php | Line: 60 
===================
[2018-03-29 00:29:15] Fehlertext:  Page not found | File: C:\xampp\htdocs\CoffeeShop\vendor\coffeeshop\core\Router.php | Line: 60 
===================
[2018-03-29 00:29:15] Fehlertext:  Page not found | File: C:\xampp\htdocs\CoffeeShop\vendor\coffeeshop\core\Router.php | Line: 60 
===================
[2018-03-29 00:29:15] Fehlertext:  Page not found | File: C:\xampp\htdocs\CoffeeShop\vendor\coffeeshop\core\Router.php | Line: 60 
===================
[2018-03-29 00:29:15] Fehlertext:  Page not found | File: C:\xampp\htdocs\CoffeeShop\vendor\coffeeshop\core\Router.php | Line: 60 
===================
[2018-03-29 00:29:15] Fehlertext:  Page not found | File: C:\xampp\htdocs\CoffeeShop\vendor\coffeeshop\core\Router.php | Line: 60 
===================
[2018-03-29 00:29:15] Fehlertext:  Page not found | File: C:\xampp\htdocs\CoffeeShop\vendor\coffeeshop\core\Router.php | Line: 60 
===================
[2018-03-29 00:29:15] Fehlertext:  Page not found | File: C:\xampp\htdocs\CoffeeShop\vendor\coffeeshop\core\Router.php | Line: 60 
===================
[2018-03-29 00:29:16] Fehlertext:  Page not found | File: C:\xampp\htdocs\CoffeeShop\vendor\coffeeshop\core\Router.php | Line: 60 
===================
[2018-03-29 00:29:16] Fehlertext:  Page not found | File: C:\xampp\htdocs\CoffeeShop\vendor\coffeeshop\core\Router.php | Line: 60 
===================
[2018-03-29 00:35:50] Fehlertext:  Page not found | File: C:\xampp\htdocs\CoffeeShop\vendor\coffeeshop\core\Router.php | Line: 60 
===================
[2018-03-29 00:35:50] Fehlertext:  Page not found | File: C:\xampp\htdocs\CoffeeShop\vendor\coffeeshop\core\Router.php | Line: 60 
===================
[2018-03-29 00:35:50] Fehlertext:  Page not found | File: C:\xampp\htdocs\CoffeeShop\vendor\coffeeshop\core\Router.php | Line: 60 
===================
[2018-03-29 00:35:50] Fehlertext:  Page not found | File: C:\xampp\htdocs\CoffeeShop\vendor\coffeeshop\core\Router.php | Line: 60 
===================
[2018-03-29 00:35:50] Fehlertext:  Page not found | File: C:\xampp\htdocs\CoffeeShop\vendor\coffeeshop\core\Router.php | Line: 60 
===================
[2018-03-29 00:35:50] Fehlertext:  Page not found | File: C:\xampp\htdocs\CoffeeShop\vendor\coffeeshop\core\Router.php | Line: 60 
===================
